Execution summary:
Date: 2026-07-07 13:32:17 
R version 4.6.1 (2026-06-24)
Platform: x86_64-pc-linux-gnu
Running under: Ubuntu 24.04.4 LTS

Matrix products: default
BLAS:   /usr/lib/x86_64-linux-gnu/openblas-pthread/libblas.so.3 
LAPACK: /usr/lib/x86_64-linux-gnu/openblas-pthread/libopenblasp-r0.3.26.so;  LAPACK version 3.12.0

locale:
 [1] LC_CTYPE=C.UTF-8       LC_NUMERIC=C           LC_TIME=C.UTF-8        LC_COLLATE=C.UTF-8    
 [5] LC_MONETARY=C.UTF-8    LC_MESSAGES=C.UTF-8    LC_PAPER=C.UTF-8       LC_NAME=C             
 [9] LC_ADDRESS=C           LC_TELEPHONE=C         LC_MEASUREMENT=C.UTF-8 LC_IDENTIFICATION=C   

time zone: UTC
tzcode source: system (glibc)

attached base packages:
[1] stats     graphics  grDevices utils     datasets  methods   base     

other attached packages:
 [1] haven_2.5.5           pharmaverseraw_0.1.1  sdtm.oak_0.2.0        metatools_0.3.0      
 [5] stringr_1.6.0         lubridate_1.9.5       pharmaversesdtm_1.5.0 admiral_1.5.0        
 [9] gtsummary_2.5.1       tidyr_1.3.2           ggplot2_4.0.3         dplyr_1.2.1          
[13] pharmaverseadam_1.3.0

loaded via a namespace (and not attached):
 [1] gt_1.3.0           sass_0.4.10        generics_0.1.4     xml2_1.6.0         stringi_1.8.7     
 [6] hms_1.1.4          digest_0.6.39      magrittr_2.0.5     timechange_0.4.0   evaluate_1.0.5    
[11] grid_4.6.1         RColorBrewer_1.1-3 cards_0.8.1        fastmap_1.2.0      cellranger_1.1.0  
[16] admiraldev_1.5.0   purrr_1.2.2        scales_1.4.0       textshaping_1.0.5  cli_3.6.6         
[21] rlang_1.2.0        litedown_0.9       commonmark_2.0.0   withr_3.0.3        otel_0.2.0        
[26] tools_4.6.1        tzdb_0.5.0         forcats_1.0.1      assertthat_0.2.1   curl_7.1.0        
[31] vctrs_0.7.3        R6_2.6.1           metacore_0.3.0     lifecycle_1.0.5    fs_2.1.0          
[36] ragg_1.5.2         pkgconfig_2.0.3    pillar_1.11.1      gtable_0.3.6       glue_1.8.1        
[41] systemfonts_1.3.2  xfun_0.59          tibble_3.3.1       tidyselect_1.2.1   knitr_1.51        
[46] farver_2.1.2       htmltools_0.5.9    labeling_0.4.3     readr_2.2.0        compiler_4.6.1    
[51] roxygen2_8.0.0     S7_0.2.2           readxl_1.5.0       markdown_2.0      
[1] "Final ADaM ADSL records generated: 306"
tibble [306 × 34] (S3: tbl_df/tbl/data.frame)
 $ STUDYID : chr [1:306] "CDISCPILOT01" "CDISCPILOT01" "CDISCPILOT01" "CDISCPILOT01" ...
  ..- attr(*, "label")= chr "Study Identifier"
 $ USUBJID : chr [1:306] "01-701-1015" "01-701-1023" "01-701-1028" "01-701-1033" ...
  ..- attr(*, "label")= chr "Unique Subject Identifier"
 $ SUBJID  : chr [1:306] "1015" "1023" "1028" "1033" ...
  ..- attr(*, "label")= chr "Subject Identifier for the Study"
 $ RFSTDTC : chr [1:306] "2014-01-02" "2012-08-05" "2013-07-19" "2014-03-18" ...
  ..- attr(*, "label")= chr "Subject Reference Start Date/Time"
 $ RFENDTC : chr [1:306] "2014-07-02" "2012-09-02" "2014-01-14" "2014-04-14" ...
  ..- attr(*, "label")= chr "Subject Reference End Date/Time"
 $ RFXSTDTC: chr [1:306] "2014-01-02" "2012-08-05" "2013-07-19" "2014-03-18" ...
  ..- attr(*, "label")= chr "Date/Time of First Study Treatment"
 $ RFXENDTC: chr [1:306] "2014-07-02" "2012-09-01" "2014-01-14" "2014-03-31" ...
  ..- attr(*, "label")= chr "Date/Time of Last Study Treatment"
 $ RFPENDTC: chr [1:306] "2014-07-02T11:45" "2013-02-18" "2014-01-14T11:10" "2014-09-15" ...
  ..- attr(*, "label")= chr "Date/Time of End of Participation"
 $ DTHDTC  : chr [1:306] NA NA NA NA ...
  ..- attr(*, "label")= chr "Date/Time of Death"
 $ DTHFL   : chr [1:306] NA NA NA NA ...
  ..- attr(*, "label")= chr "Subject Death Flag"
 $ SITEID  : chr [1:306] "701" "701" "701" "701" ...
  ..- attr(*, "label")= chr "Study Site Identifier"
 $ BRTHDTC : chr [1:306] "1950-12-26" "1948-07-22" "1942-07-11" "1940-03-10" ...
  ..- attr(*, "label")= chr "Date/Time of Birth"
 $ AGE     : num [1:306] 63 64 71 74 77 85 59 68 81 84 ...
  ..- attr(*, "label")= chr "Age"
 $ AGEU    : chr [1:306] "YEARS" "YEARS" "YEARS" "YEARS" ...
  ..- attr(*, "label")= chr "Age Units"
 $ SEX     : chr [1:306] "F" "M" "M" "M" ...
  ..- attr(*, "label")= chr "Sex"
 $ RACE    : chr [1:306] "WHITE" "WHITE" "WHITE" "WHITE" ...
  ..- attr(*, "label")= chr "Race"
 $ ETHNIC  : chr [1:306] "HISPANIC OR LATINO" "HISPANIC OR LATINO" "NOT HISPANIC OR LATINO" "NOT HISPANIC OR LATINO" ...
  ..- attr(*, "label")= chr "Ethnicity"
 $ ARMCD   : chr [1:306] "Pbo" "Pbo" "Xan_Hi" "Xan_Lo" ...
  ..- attr(*, "label")= chr "Planned Arm Code"
 $ ARM     : chr [1:306] "Placebo" "Placebo" "Xanomeline High Dose" "Xanomeline Low Dose" ...
  ..- attr(*, "label")= chr "Description of Planned Arm"
 $ ACTARMCD: chr [1:306] "Pbo" "Pbo" "Xan_Hi" "Xan_Lo" ...
  ..- attr(*, "label")= chr "Actual Arm Code"
 $ ACTARM  : chr [1:306] "Placebo" "Placebo" "Xanomeline High Dose" "Xanomeline Low Dose" ...
  ..- attr(*, "label")= chr "Description of Actual Arm"
 $ COUNTRY : chr [1:306] "USA" "USA" "USA" "USA" ...
  ..- attr(*, "label")= chr "Country"
 $ DMDTC   : chr [1:306] "2013-12-26" "2012-07-22" "2013-07-11" "2014-03-10" ...
  ..- attr(*, "label")= chr "Date/Time of Collection"
 $ DMDY    : num [1:306] -7 -14 -8 -8 -7 -21 NA -9 -13 -7 ...
  ..- attr(*, "label")= chr "Study Day of Collection"
 $ ARMNRS  : chr [1:306] NA NA NA NA ...
  ..- attr(*, "label")= chr "Reason Arm and/or Actual Arm is Null"
 $ ACTARMUD: chr [1:306] NA NA NA NA ...
  ..- attr(*, "label")= chr "Description of Unplanned Actual Arm"
 $ AGEGR9  : chr [1:306] ">50" ">50" ">50" ">50" ...
  ..- attr(*, "label")= chr "Age Group 9"
 $ AGEGR9N : num [1:306] 3 3 3 3 3 3 3 3 3 3 ...
  ..- attr(*, "label")= chr "Age Group 9 (N)"
 $ ITTFL   : chr [1:306] "Y" "Y" "Y" "Y" ...
  ..- attr(*, "label")= chr "Intent-to-Treat Population Flag"
 $ TRTSDTM : POSIXct[1:306], format: "2014-01-02" "2012-08-05" "2013-07-19" "2014-03-18" ...
 $ TRTSTMF : chr [1:306] "H" "H" "H" "H" ...
  ..- attr(*, "label")= chr "Treatment Start Time Imputation Flag"
 $ TRTEDTM : POSIXct[1:306], format: "2014-07-02 23:59:59" "2012-09-01 23:59:59" "2014-01-14 23:59:59" "2014-03-31 23:59:59" ...
 $ TRTETMF : chr [1:306] "H" "H" "H" "H" ...
  ..- attr(*, "label")= chr "Treatment End Time Imputation Flag"
 $ LSTAVLDT: Date[1:306], format: "2014-07-02" "2013-02-18" "2014-01-14" "2014-09-15" ...
 - attr(*, "label")= chr "Demographics"

