Execution summary:
Date: 2026-07-07 10:21:51 
R version 4.6.1 (2026-06-24)
Platform: x86_64-pc-linux-gnu
Running under: Ubuntu 24.04.4 LTS

Matrix products: default
BLAS:   /usr/lib/x86_64-linux-gnu/openblas-pthread/libblas.so.3 
LAPACK: /usr/lib/x86_64-linux-gnu/openblas-pthread/libopenblasp-r0.3.26.so;  LAPACK version 3.12.0

locale:
 [1] LC_CTYPE=C.UTF-8       LC_NUMERIC=C           LC_TIME=C.UTF-8        LC_COLLATE=C.UTF-8    
 [5] LC_MONETARY=C.UTF-8    LC_MESSAGES=C.UTF-8    LC_PAPER=C.UTF-8       LC_NAME=C             
 [9] LC_ADDRESS=C           LC_TELEPHONE=C         LC_MEASUREMENT=C.UTF-8 LC_IDENTIFICATION=C   

time zone: UTC
tzcode source: system (glibc)

attached base packages:
[1] stats     graphics  grDevices utils     datasets  methods   base     

other attached packages:
 [1] gtsummary_2.5.1       pharmaverseadam_1.3.0 haven_2.5.5           metatools_0.3.0      
 [5] stringr_1.6.0         lubridate_1.9.5       pharmaversesdtm_1.5.0 admiral_1.5.0        
 [9] logr_1.3.9            common_1.1.5          dplyr_1.2.1           pharmaverseraw_0.1.1 
[13] sdtm.oak_0.2.0       

loaded via a namespace (and not attached):
 [1] gt_1.3.0         sass_0.4.10      utf8_1.2.6       generics_0.1.4   tidyr_1.3.2      xml2_1.6.0      
 [7] stringi_1.8.7    hms_1.1.4        digest_0.6.39    magrittr_2.0.5   evaluate_1.0.5   timechange_0.4.0
[13] cards_0.8.1      fastmap_1.2.0    cellranger_1.1.0 tinytex_0.60     admiraldev_1.5.0 purrr_1.2.2     
[19] cli_3.6.6        rlang_1.2.0      litedown_0.9     commonmark_2.0.0 withr_3.0.3      otel_0.2.0      
[25] tools_4.6.1      tzdb_0.5.0       forcats_1.0.1    curl_7.1.0       assertthat_0.2.1 vctrs_0.7.3     
[31] R6_2.6.1         metacore_0.3.0   lifecycle_1.0.5  fs_2.1.0         pkgconfig_2.0.3  pillar_1.11.1   
[37] glue_1.8.1       xfun_0.59        tibble_3.3.1     tidyselect_1.2.1 knitr_1.51       htmltools_0.5.9 
[43] readr_2.2.0      compiler_4.6.1   roxygen2_8.0.0   markdown_2.0     readxl_1.5.0    
