Execution summary:
Date: 2026-07-07 12:59:20 
R version 4.6.1 (2026-06-24)
Platform: x86_64-pc-linux-gnu
Running under: Ubuntu 24.04.4 LTS

Matrix products: default
BLAS:   /usr/lib/x86_64-linux-gnu/openblas-pthread/libblas.so.3 
LAPACK: /usr/lib/x86_64-linux-gnu/openblas-pthread/libopenblasp-r0.3.26.so;  LAPACK version 3.12.0

locale:
 [1] LC_CTYPE=C.UTF-8       LC_NUMERIC=C           LC_TIME=C.UTF-8        LC_COLLATE=C.UTF-8    
 [5] LC_MONETARY=C.UTF-8    LC_MESSAGES=C.UTF-8    LC_PAPER=C.UTF-8       LC_NAME=C             
 [9] LC_ADDRESS=C           LC_TELEPHONE=C         LC_MEASUREMENT=C.UTF-8 LC_IDENTIFICATION=C   

time zone: UTC
tzcode source: system (glibc)

attached base packages:
[1] stats     graphics  grDevices utils     datasets  methods   base     

other attached packages:
[1] tidyr_1.3.2           ggplot2_4.0.3         dplyr_1.2.1           pharmaverseadam_1.3.0

loaded via a namespace (and not attached):
 [1] vctrs_0.7.3        cli_3.6.6          rlang_1.2.0        forcats_1.0.1      purrr_1.2.2       
 [6] haven_2.5.5        generics_0.1.4     textshaping_1.0.5  S7_0.2.2           glue_1.8.1        
[11] labeling_0.4.3     gtsummary_2.5.1    ragg_1.5.2         hms_1.1.4          scales_1.4.0      
[16] grid_4.6.1         tibble_3.3.1       lifecycle_1.0.5    compiler_4.6.1     cards_0.8.1       
[21] RColorBrewer_1.1-3 pkgconfig_2.0.3    systemfonts_1.3.2  farver_2.1.2       R6_2.6.1          
[26] tidyselect_1.2.1   pillar_1.11.1      curl_7.1.0         magrittr_2.0.5     tools_4.6.1       
[31] withr_3.0.3        gtable_0.3.6      
